[2021-03-11T15:43:24.880] [DEBUG] cheese - /api/list
[2021-03-11T15:43:24.905] [DEBUG] cheese - /favicon.ico
[2021-03-11T15:43:27.886] [DEBUG] cheese - /api/list
[2021-03-11T15:43:27.908] [DEBUG] cheese - /favicon.ico
[2021-03-11T17:06:33.683] [DEBUG] cheese - /api/list
[2021-03-11T17:06:41.411] [DEBUG] cheese - /api/list
[2021-03-11T17:07:05.173] [DEBUG] cheese - /api/list
[2021-03-11T17:07:35.247] [DEBUG] cheese - /api/list
[2021-03-11T17:24:10.277] [DEBUG] cheese - /api/list
[2021-03-11T17:24:10.279] [DEBUG] cheese - 
[2021-03-11T17:24:10.312] [DEBUG] cheese - /favicon.ico
[2021-03-11T17:24:10.312] [DEBUG] cheese - 
[2021-03-11T17:24:42.696] [DEBUG] cheese - /api/list
[2021-03-11T17:24:42.697] [DEBUG] cheese - 
[2021-03-11T17:24:50.270] [DEBUG] cheese - /api/list
[2021-03-11T17:24:50.271] [DEBUG] cheese - 
[2021-03-11T17:25:07.671] [DEBUG] cheese - /api/list
[2021-03-11T17:25:07.674] [DEBUG] cheese - ----------------------------823764432575700413824401
Content-Disposition: form-data; name="username"

gs
----------------------------823764432575700413824401
Content-Disposition: form-data; name="password"

123
----------------------------823764432575700413824401--

[2021-03-11T17:25:13.637] [DEBUG] cheese - /api/list
[2021-03-11T17:25:13.638] [DEBUG] cheese - ----------------------------079796818939745995303209
Content-Disposition: form-data; name="username"

gs
----------------------------079796818939745995303209
Content-Disposition: form-data; name="password"

123
----------------------------079796818939745995303209--

[2021-03-11T17:25:23.193] [DEBUG] cheese - /api/list
[2021-03-11T17:25:23.193] [DEBUG] cheese - ----------------------------154750401512002134996672
Content-Disposition: form-data; name="username"

gs
----------------------------154750401512002134996672
Content-Disposition: form-data; name="password"

123
----------------------------154750401512002134996672--

[2021-03-11T17:25:28.456] [DEBUG] cheese - /api/list
[2021-03-11T17:25:28.456] [DEBUG] cheese - ----------------------------532801181215520494255009
Content-Disposition: form-data; name="username"

gs
----------------------------532801181215520494255009
Content-Disposition: form-data; name="password"

123
----------------------------532801181215520494255009--

[2021-03-11T17:25:36.767] [DEBUG] cheese - /api/list
[2021-03-11T17:25:36.768] [DEBUG] cheese - ----------------------------584880467191277148372993
Content-Disposition: form-data; name="username"

gs
----------------------------584880467191277148372993
Content-Disposition: form-data; name="password"

123
----------------------------584880467191277148372993--

[2021-03-11T17:25:38.108] [DEBUG] cheese - /api/list
[2021-03-11T17:25:38.108] [DEBUG] cheese - ----------------------------988224366904231194037680
Content-Disposition: form-data; name="username"

gs
----------------------------988224366904231194037680
Content-Disposition: form-data; name="password"

123
----------------------------988224366904231194037680--

[2021-03-11T17:25:54.372] [DEBUG] cheese - /api/list
[2021-03-11T17:25:54.373] [DEBUG] cheese - ----------------------------764685793780531961638343
Content-Disposition: form-data; name="username"

gs1
----------------------------764685793780531961638343
Content-Disposition: form-data; name="password"

123
----------------------------764685793780531961638343--

[2021-03-11T17:26:03.442] [DEBUG] cheese - /api/list
[2021-03-11T17:26:03.445] [DEBUG] cheese - 
[2021-03-11T17:26:03.485] [DEBUG] cheese - /favicon.ico
[2021-03-11T17:26:03.485] [DEBUG] cheese - 
[2021-03-11T17:29:48.408] [DEBUG] cheese - /api/list
[2021-03-11T17:29:48.461] [DEBUG] cheese - /favicon.ico
[2021-03-11T17:32:31.309] [DEBUG] cheese - /api/list
[2021-03-11T17:32:31.313] [DEBUG] cheese - ----------------------------365888130838906889083945
Content-Disposition: form-data; name="username"

gs1
----------------------------365888130838906889083945
Content-Disposition: form-data; name="password"

123
----------------------------365888130838906889083945--

[2021-03-11T17:36:06.726] [DEBUG] cheese - /api/list
[2021-03-11T17:36:06.729] [DEBUG] cheese - ----------------------------629430139021868624117549
Content-Disposition: form-data; name="username"

gs1
----------------------------629430139021868624117549
Content-Disposition: form-data; name="password"

123
----------------------------629430139021868624117549--

[2021-03-11T17:36:23.338] [DEBUG] cheese - /api/list
[2021-03-11T17:36:23.341] [DEBUG] cheese - {"----------------------------418583970209128213154754\r\nContent-Disposition: form-data; name":"\"username\"\r\n\r\ngs1\r\n----------------------------418583970209128213154754\r\nContent-Disposition: form-data; name=\"password\"\r\n\r\n123\r\n----------------------------418583970209128213154754--\r\n"}
[2021-03-11T17:36:43.866] [DEBUG] cheese - /api/list
[2021-03-11T17:36:43.868] [DEBUG] cheese - "----------------------------447337531489327258300686\r\nContent-Disposition: form-data; name=\"username\"\r\n\r\ngs1\r\n----------------------------447337531489327258300686\r\nContent-Disposition: form-data; name=\"password\"\r\n\r\n123\r\n----------------------------447337531489327258300686--\r\n"
[2021-03-11T17:36:49.355] [DEBUG] cheese - /api/list
[2021-03-11T17:36:49.355] [DEBUG] cheese - "----------------------------254350024878864989500247\r\nContent-Disposition: form-data; name=\"username\"\r\n\r\ngs1\r\n----------------------------254350024878864989500247\r\nContent-Disposition: form-data; name=\"password\"\r\n\r\n123\r\n----------------------------254350024878864989500247--\r\n"
[2021-03-11T17:38:03.553] [DEBUG] cheese - /api/list
[2021-03-11T17:38:03.556] [DEBUG] cheese - "----------------------------113681069184799827962868\r\nContent-Disposition: form-data; name=\"username\"\r\n\r\ngs1\r\n----------------------------113681069184799827962868\r\nContent-Disposition: form-data; name=\"password\"\r\n\r\n123\r\n----------------------------113681069184799827962868--\r\n"
[2021-03-11T17:38:14.661] [DEBUG] cheese - /api/list
[2021-03-11T17:38:14.664] [DEBUG] cheese - ----------------------------441051606615084154990268
Content-Disposition: form-data; name="username"

gs1
----------------------------441051606615084154990268
Content-Disposition: form-data; name="password"

123
----------------------------441051606615084154990268--

[2021-03-11T17:40:50.393] [DEBUG] cheese - /api/list
[2021-03-11T17:40:50.396] [DEBUG] cheese - ----------------------------714276329054838183742033
Content-Disposition: form-data; name="username"

gs1
----------------------------714276329054838183742033
Content-Disposition: form-data; name="password"

123
----------------------------714276329054838183742033--

[2021-03-11T17:44:38.266] [DEBUG] cheese - /api/list
[2021-03-11T17:44:38.268] [DEBUG] cheese - 
[2021-03-11T17:44:38.296] [DEBUG] cheese - /favicon.ico
[2021-03-11T17:44:38.296] [DEBUG] cheese - 
[2021-03-11T17:44:39.281] [DEBUG] cheese - /api/list
[2021-03-11T17:44:39.281] [DEBUG] cheese - 
[2021-03-11T17:44:39.307] [DEBUG] cheese - /favicon.ico
[2021-03-11T17:44:39.307] [DEBUG] cheese - 
[2021-03-11T17:44:46.434] [DEBUG] cheese - /api/list
[2021-03-11T17:44:46.434] [DEBUG] cheese - ----------------------------880930573335404126042921
Content-Disposition: form-data; name="username"

gs1
----------------------------880930573335404126042921
Content-Disposition: form-data; name="password"

123
----------------------------880930573335404126042921--

[2021-03-11T17:47:40.449] [DEBUG] cheese - /api/list
[2021-03-11T17:47:40.450] [DEBUG] cheese - ----------------------------831510305104179110253781
Content-Disposition: form-data; name="username"

gs1
----------------------------831510305104179110253781
Content-Disposition: form-data; name="password"

123
----------------------------831510305104179110253781--

[2021-03-11T17:49:28.552] [DEBUG] cheese - /api/list
[2021-03-11T17:49:28.552] [DEBUG] cheese - 
[2021-03-11T17:49:41.121] [DEBUG] cheese - /api/list
[2021-03-11T17:49:41.121] [DEBUG] cheese - name=232
[2021-03-11T17:50:35.231] [DEBUG] cheese - /api/list
[2021-03-11T17:50:59.792] [DEBUG] cheese - /api/list
[2021-03-11T17:51:06.934] [DEBUG] cheese - /api/list
[2021-03-11T17:51:14.764] [DEBUG] cheese - /api/list
[2021-03-11T17:51:14.766] [DEBUG] cheese - {"name":"232"}
[2021-03-11T19:03:11.923] [DEBUG] cheese - ClientRequest {
  _events:
   [Object: null prototype] {
     socket:
      { [Function: bound onceWrapper] listener: [Function: onSocket] } },
  _eventsCount: 1,
  _maxListeners: undefined,
  output:
   [ 'GET /resource/resource/online/7833872612 HTTP/1.1\r\nHost: pcw-api.iqiyi.com\r\nConnection: close\r\n\r\n' ],
  outputEncodings: [ 'latin1' ],
  outputCallbacks: [ [Function: bound onFinish] ],
  outputSize: 97,
  writable: true,
  _last: true,
  chunkedEncoding: false,
  shouldKeepAlive: false,
  useChunkedEncodingByDefault: false,
  sendDate: false,
  _removedConnection: false,
  _removedContLen: false,
  _removedTE: false,
  _contentLength: 0,
  _hasBody: true,
  _trailer: '',
  finished: true,
  _headerSent: true,
  socket: null,
  connection: null,
  _header:
   'GET /resource/resource/online/7833872612 HTTP/1.1\r\nHost: pcw-api.iqiyi.com\r\nConnection: close\r\n\r\n',
  _onPendingData: [Function: noopPendingOutput],
  agent:
   Agent {
     _events: [Object: null prototype] { free: [Function] },
     _eventsCount: 1,
     _maxListeners: undefined,
     defaultPort: 443,
     protocol: 'https:',
     options: { path: null },
     requests: {},
     sockets: { 'pcw-api.iqiyi.com:443::::::::::::::::': [Array] },
     freeSockets: {},
     keepAliveMsecs: 1000,
     keepAlive: false,
     maxSockets: Infinity,
     maxFreeSockets: 256,
     maxCachedSessions: 100,
     _sessionCache: { map: {}, list: [] } },
  socketPath: undefined,
  timeout: undefined,
  method: 'GET',
  path: '/resource/resource/online/7833872612',
  _ended: false,
  res: null,
  aborted: undefined,
  timeoutCb: null,
  upgradeOrConnect: false,
  parser: null,
  maxHeadersCount: null,
  [Symbol(isCorked)]: false,
  [Symbol(outHeadersKey)]:
   [Object: null prototype] { host: [ 'Host', 'pcw-api.iqiyi.com' ] } }
[2021-03-11T19:03:24.198] [DEBUG] cheese - ClientRequest {
  _events:
   [Object: null prototype] {
     socket:
      { [Function: bound onceWrapper] listener: [Function: onSocket] } },
  _eventsCount: 1,
  _maxListeners: undefined,
  output:
   [ 'GET /resource/resource/online/7833872612 HTTP/1.1\r\nHost: pcw-api.iqiyi.com\r\nConnection: close\r\n\r\n' ],
  outputEncodings: [ 'latin1' ],
  outputCallbacks: [ [Function: bound onFinish] ],
  outputSize: 97,
  writable: true,
  _last: true,
  chunkedEncoding: false,
  shouldKeepAlive: false,
  useChunkedEncodingByDefault: false,
  sendDate: false,
  _removedConnection: false,
  _removedContLen: false,
  _removedTE: false,
  _contentLength: 0,
  _hasBody: true,
  _trailer: '',
  finished: true,
  _headerSent: true,
  socket: null,
  connection: null,
  _header:
   'GET /resource/resource/online/7833872612 HTTP/1.1\r\nHost: pcw-api.iqiyi.com\r\nConnection: close\r\n\r\n',
  _onPendingData: [Function: noopPendingOutput],
  agent:
   Agent {
     _events: [Object: null prototype] { free: [Function] },
     _eventsCount: 1,
     _maxListeners: undefined,
     defaultPort: 443,
     protocol: 'https:',
     options: { path: null },
     requests: {},
     sockets: { 'pcw-api.iqiyi.com:443::::::::::::::::': [Array] },
     freeSockets: {},
     keepAliveMsecs: 1000,
     keepAlive: false,
     maxSockets: Infinity,
     maxFreeSockets: 256,
     maxCachedSessions: 100,
     _sessionCache: { map: [Object], list: [Array] } },
  socketPath: undefined,
  timeout: undefined,
  method: 'GET',
  path: '/resource/resource/online/7833872612',
  _ended: false,
  res: null,
  aborted: undefined,
  timeoutCb: null,
  upgradeOrConnect: false,
  parser: null,
  maxHeadersCount: null,
  [Symbol(isCorked)]: false,
  [Symbol(outHeadersKey)]:
   [Object: null prototype] { host: [ 'Host', 'pcw-api.iqiyi.com' ] } }
[2021-03-11T19:03:30.831] [DEBUG] cheese - ClientRequest {
  _events:
   [Object: null prototype] {
     socket:
      { [Function: bound onceWrapper] listener: [Function: onSocket] } },
  _eventsCount: 1,
  _maxListeners: undefined,
  output:
   [ 'GET /resource/resource/online/7833872612 HTTP/1.1\r\nHost: pcw-api.iqiyi.com\r\nConnection: close\r\n\r\n' ],
  outputEncodings: [ 'latin1' ],
  outputCallbacks: [ [Function: bound onFinish] ],
  outputSize: 97,
  writable: true,
  _last: true,
  chunkedEncoding: false,
  shouldKeepAlive: false,
  useChunkedEncodingByDefault: false,
  sendDate: false,
  _removedConnection: false,
  _removedContLen: false,
  _removedTE: false,
  _contentLength: 0,
  _hasBody: true,
  _trailer: '',
  finished: true,
  _headerSent: true,
  socket: null,
  connection: null,
  _header:
   'GET /resource/resource/online/7833872612 HTTP/1.1\r\nHost: pcw-api.iqiyi.com\r\nConnection: close\r\n\r\n',
  _onPendingData: [Function: noopPendingOutput],
  agent:
   Agent {
     _events: [Object: null prototype] { free: [Function] },
     _eventsCount: 1,
     _maxListeners: undefined,
     defaultPort: 443,
     protocol: 'https:',
     options: { path: null },
     requests: {},
     sockets: { 'pcw-api.iqiyi.com:443::::::::::::::::': [Array] },
     freeSockets: {},
     keepAliveMsecs: 1000,
     keepAlive: false,
     maxSockets: Infinity,
     maxFreeSockets: 256,
     maxCachedSessions: 100,
     _sessionCache: { map: [Object], list: [Array] } },
  socketPath: undefined,
  timeout: undefined,
  method: 'GET',
  path: '/resource/resource/online/7833872612',
  _ended: false,
  res: null,
  aborted: undefined,
  timeoutCb: null,
  upgradeOrConnect: false,
  parser: null,
  maxHeadersCount: null,
  [Symbol(isCorked)]: false,
  [Symbol(outHeadersKey)]:
   [Object: null prototype] { host: [ 'Host', 'pcw-api.iqiyi.com' ] } }
[2021-03-11T19:03:47.354] [DEBUG] cheese - ClientRequest {
  _events:
   [Object: null prototype] {
     socket:
      { [Function: bound onceWrapper] listener: [Function: onSocket] } },
  _eventsCount: 1,
  _maxListeners: undefined,
  output:
   [ 'GET /resource/resource/online/7833872612 HTTP/1.1\r\nHost: pcw-api.iqiyi.com\r\nConnection: close\r\n\r\n' ],
  outputEncodings: [ 'latin1' ],
  outputCallbacks: [ [Function: bound onFinish] ],
  outputSize: 97,
  writable: true,
  _last: true,
  chunkedEncoding: false,
  shouldKeepAlive: false,
  useChunkedEncodingByDefault: false,
  sendDate: false,
  _removedConnection: false,
  _removedContLen: false,
  _removedTE: false,
  _contentLength: 0,
  _hasBody: true,
  _trailer: '',
  finished: true,
  _headerSent: true,
  socket: null,
  connection: null,
  _header:
   'GET /resource/resource/online/7833872612 HTTP/1.1\r\nHost: pcw-api.iqiyi.com\r\nConnection: close\r\n\r\n',
  _onPendingData: [Function: noopPendingOutput],
  agent:
   Agent {
     _events: [Object: null prototype] { free: [Function] },
     _eventsCount: 1,
     _maxListeners: undefined,
     defaultPort: 443,
     protocol: 'https:',
     options: { path: null },
     requests: {},
     sockets: { 'pcw-api.iqiyi.com:443::::::::::::::::': [Array] },
     freeSockets: {},
     keepAliveMsecs: 1000,
     keepAlive: false,
     maxSockets: Infinity,
     maxFreeSockets: 256,
     maxCachedSessions: 100,
     _sessionCache: { map: [Object], list: [Array] } },
  socketPath: undefined,
  timeout: undefined,
  method: 'GET',
  path: '/resource/resource/online/7833872612',
  _ended: false,
  res: null,
  aborted: undefined,
  timeoutCb: null,
  upgradeOrConnect: false,
  parser: null,
  maxHeadersCount: null,
  [Symbol(isCorked)]: false,
  [Symbol(outHeadersKey)]:
   [Object: null prototype] { host: [ 'Host', 'pcw-api.iqiyi.com' ] } }
