[2021-03-12T13:12:32.254] [DEBUG] cheese - Url {
  protocol: null,
  slashes: null,
  auth: null,
  host: null,
  port: null,
  hostname: null,
  hash: null,
  search: '?cb=getData',
  query: [Object: null prototype] { cb: 'getData' },
  pathname: '/api/data',
  path: '/api/data?cb=getData',
  href: '/api/data?cb=getData' }
[2021-03-12T13:12:32.260] [DEBUG] cheese - Url {
  protocol: null,
  slashes: null,
  auth: null,
  host: null,
  port: null,
  hostname: null,
  hash: null,
  search: null,
  query: [Object: null prototype] {},
  pathname: '/pi/data',
  path: '/pi/data',
  href: '/pi/data' }
[2021-03-12T13:13:55.111] [DEBUG] cheese - Url {
  protocol: null,
  slashes: null,
  auth: null,
  host: null,
  port: null,
  hostname: null,
  hash: null,
  search: '?cb=getData',
  query: [Object: null prototype] { cb: 'getData' },
  pathname: '/api/data',
  path: '/api/data?cb=getData',
  href: '/api/data?cb=getData' }
[2021-03-12T13:13:55.116] [DEBUG] cheese - Url {
  protocol: null,
  slashes: null,
  auth: null,
  host: null,
  port: null,
  hostname: null,
  hash: null,
  search: null,
  query: [Object: null prototype] {},
  pathname: '/pi/data',
  path: '/pi/data',
  href: '/pi/data' }
[2021-03-12T16:47:40.469] [DEBUG] cheese - Url {
  protocol: null,
  slashes: null,
  auth: null,
  host: null,
  port: null,
  hostname: null,
  hash: null,
  search: null,
  query: [Object: null prototype] {},
  pathname: '/',
  path: '/',
  href: '/' }
[2021-03-12T16:47:40.550] [DEBUG] cheese - Url {
  protocol: null,
  slashes: null,
  auth: null,
  host: null,
  port: null,
  hostname: null,
  hash: null,
  search: null,
  query: [Object: null prototype] {},
  pathname: '/favicon.ico',
  path: '/favicon.ico',
  href: '/favicon.ico' }
[2021-03-12T16:48:01.806] [DEBUG] cheese - Url {
  protocol: null,
  slashes: null,
  auth: null,
  host: null,
  port: null,
  hostname: null,
  hash: null,
  search: null,
  query: [Object: null prototype] {},
  pathname: '/',
  path: '/',
  href: '/' }
[2021-03-12T16:48:01.828] [DEBUG] cheese - Url {
  protocol: null,
  slashes: null,
  auth: null,
  host: null,
  port: null,
  hostname: null,
  hash: null,
  search: null,
  query: [Object: null prototype] {},
  pathname: '/favicon.ico',
  path: '/favicon.ico',
  href: '/favicon.ico' }
[2021-03-12T16:48:07.748] [DEBUG] cheese - Url {
  protocol: null,
  slashes: null,
  auth: null,
  host: null,
  port: null,
  hostname: null,
  hash: null,
  search: null,
  query: [Object: null prototype] {},
  pathname: '/api/list',
  path: '/api/list',
  href: '/api/list' }
[2021-03-12T16:48:07.781] [DEBUG] cheese - Url {
  protocol: null,
  slashes: null,
  auth: null,
  host: null,
  port: null,
  hostname: null,
  hash: null,
  search: null,
  query: [Object: null prototype] {},
  pathname: '/favicon.ico',
  path: '/favicon.ico',
  href: '/favicon.ico' }
[2021-03-12T16:50:43.913] [DEBUG] cheese - Url {
  protocol: null,
  slashes: null,
  auth: null,
  host: null,
  port: null,
  hostname: null,
  hash: null,
  search: null,
  query: [Object: null prototype] {},
  pathname: '/api/data',
  path: '/api/data',
  href: '/api/data' }
[2021-03-12T16:50:44.038] [DEBUG] cheese - Url {
  protocol: null,
  slashes: null,
  auth: null,
  host: null,
  port: null,
  hostname: null,
  hash: null,
  search: null,
  query: [Object: null prototype] {},
  pathname: '/favicon.ico',
  path: '/favicon.ico',
  href: '/favicon.ico' }
[2021-03-12T16:50:49.661] [DEBUG] cheese - Url {
  protocol: null,
  slashes: null,
  auth: null,
  host: null,
  port: null,
  hostname: null,
  hash: null,
  search: null,
  query: [Object: null prototype] {},
  pathname: '/api/data',
  path: '/api/data',
  href: '/api/data' }
[2021-03-12T16:51:42.326] [DEBUG] cheese - Url {
  protocol: null,
  slashes: null,
  auth: null,
  host: null,
  port: null,
  hostname: null,
  hash: null,
  search: null,
  query: [Object: null prototype] {},
  pathname: '/api/data',
  path: '/api/data',
  href: '/api/data' }
